This is pdfTeX, Version 3.14159265-2.6-1.40.17 (TeX Live 2016) (preloaded format=pdflatex 2016.5.22)  4 OCT 2016 14:03
entering extended mode
 restricted \write18 enabled.
 file:line:error style messages enabled.
 %&-line parsing enabled.
**thesis
(./thesis.tex
LaTeX2e <2016/03/31>
Babel <3.9r> and hyphenation patterns for 83 language(s) loaded.
(./uhthesis.cls
Document Class: uhthesis 2015/03/09 v2.2.0 uhthesis class
(/usr/local/texlive/2016/texmf-dist/tex/latex/base/report.cls
Document Class: report 2014/09/29 v1.4h Standard LaTeX document class
(/usr/local/texlive/2016/texmf-dist/tex/latex/base/size11.clo
File: size11.clo 2014/09/29 v1.4h Standard LaTeX file (size option)
)
\c@part=\count79
\c@chapter=\count80
\c@section=\count81
\c@subsection=\count82
\c@subsubsection=\count83
\c@paragraph=\count84
\c@subparagraph=\count85
\c@figure=\count86
\c@table=\count87
\abovecaptionskip=\skip41
\belowcaptionskip=\skip42
\bibindent=\dimen102
) (/usr/local/texlive/2016/texmf-dist/tex/latex/base/ifthen.sty
Package: ifthen 2014/09/29 v1.1c Standard LaTeX ifthen package (DPC)
) (/usr/local/texlive/2016/texmf-dist/tex/latex/geometry/geometry.sty
Package: geometry 2010/09/12 v5.6 Page Geometry
(/usr/local/texlive/2016/texmf-dist/tex/latex/graphics/keyval.sty
Package: keyval 2014/10/28 v1.15 key=value parser (DPC)
\KV@toks@=\toks14
) (/usr/local/texlive/2016/texmf-dist/tex/generic/oberdiek/ifpdf.sty
Package: ifpdf 2016/05/14 v3.1 Provides the ifpdf switch
) (/usr/local/texlive/2016/texmf-dist/tex/generic/oberdiek/ifvtex.sty
Package: ifvtex 2016/05/16 v1.6 Detect VTeX and its facilities (HO)
Package ifvtex Info: VTeX not detected.
) (/usr/local/texlive/2016/texmf-dist/tex/generic/ifxetex/ifxetex.sty
Package: ifxetex 2010/09/12 v0.6 Provides ifxetex conditional
)
\Gm@cnth=\count88
\Gm@cntv=\count89
\c@Gm@tempcnt=\count90
\Gm@bindingoffset=\dimen103
\Gm@wd@mp=\dimen104
\Gm@odd@mp=\dimen105
\Gm@even@mp=\dimen106
\Gm@layoutwidth=\dimen107
\Gm@layoutheight=\dimen108
\Gm@layouthoffset=\dimen109
\Gm@layoutvoffset=\dimen110
\Gm@dimlist=\toks15
) (/usr/local/texlive/2016/texmf-dist/tex/latex/setspace/setspace.sty
Package: setspace 2011/12/19 v6.7a set line spacing
) (/usr/local/texlive/2016/texmf-dist/tex/latex/tocbibind/tocbibind.sty
Package: tocbibind 2010/10/13 v1.5k extra ToC listings
Package tocbibind Info: The document has chapter divisions on input line 50.

Package tocbibind Note: Using chapter style headings, unless overridden.

) (/usr/local/texlive/2016/texmf-dist/tex/latex/tocloft/tocloft.sty
Package: tocloft 2013/05/02 v2.3f parameterised ToC, etc., typesetting
Package tocloft Info: The document has chapter divisions on input line 44.
\cftparskip=\skip43
\cftbeforetoctitleskip=\skip44
\cftaftertoctitleskip=\skip45
\cftbeforepartskip=\skip46
\cftpartnumwidth=\skip47
\cftpartindent=\skip48
\cftbeforechapskip=\skip49
\cftchapindent=\skip50
\cftchapnumwidth=\skip51
\cftbeforesecskip=\skip52
\cftsecindent=\skip53
\cftsecnumwidth=\skip54
\cftbeforesubsecskip=\skip55
\cftsubsecindent=\skip56
\cftsubsecnumwidth=\skip57
\cftbeforesubsubsecskip=\skip58
\cftsubsubsecindent=\skip59
\cftsubsubsecnumwidth=\skip60
\cftbeforeparaskip=\skip61
\cftparaindent=\skip62
\cftparanumwidth=\skip63
\cftbeforesubparaskip=\skip64
\cftsubparaindent=\skip65
\cftsubparanumwidth=\skip66
\cftbeforeloftitleskip=\skip67
\cftafterloftitleskip=\skip68
\cftbeforefigskip=\skip69
\cftfigindent=\skip70
\cftfignumwidth=\skip71
\c@lofdepth=\count91
\c@lotdepth=\count92
\cftbeforelottitleskip=\skip72
\cftafterlottitleskip=\skip73
\cftbeforetabskip=\skip74
\cfttabindent=\skip75
\cfttabnumwidth=\skip76
)) (/usr/local/texlive/2016/texmf-dist/tex/latex/graphics/graphicx.sty
Package: graphicx 2014/10/28 v1.0g Enhanced LaTeX Graphics (DPC,SPQR)
(/usr/local/texlive/2016/texmf-dist/tex/latex/graphics/graphics.sty
Package: graphics 2016/05/09 v1.0r Standard LaTeX Graphics (DPC,SPQR)
(/usr/local/texlive/2016/texmf-dist/tex/latex/graphics/trig.sty
Package: trig 2016/01/03 v1.10 sin cos tan (DPC)
) (/usr/local/texlive/2016/texmf-dist/tex/latex/graphics-cfg/graphics.cfg
File: graphics.cfg 2016/01/02 v1.10 sample graphics configuration
)
Package graphics Info: Driver file: pdftex.def on input line 96.
(/usr/local/texlive/2016/texmf-dist/tex/latex/pdftex-def/pdftex.def
File: pdftex.def 2011/05/27 v0.06d Graphics/color for pdfTeX
(/usr/local/texlive/2016/texmf-dist/tex/generic/oberdiek/infwarerr.sty
Package: infwarerr 2016/05/16 v1.4 Providing info/warning/error messages (HO)
) (/usr/local/texlive/2016/texmf-dist/tex/generic/oberdiek/ltxcmds.sty
Package: ltxcmds 2016/05/16 v1.23 LaTeX kernel commands for general use (HO)
)
\Gread@gobject=\count93
))
\Gin@req@height=\dimen111
\Gin@req@width=\dimen112
) (/usr/local/texlive/2016/texmf-dist/tex/latex/hyperref/hyperref.sty
Package: hyperref 2016/05/05 v6.83n Hypertext links for LaTeX
(/usr/local/texlive/2016/texmf-dist/tex/generic/oberdiek/hobsub-hyperref.sty
Package: hobsub-hyperref 2016/05/16 v1.14 Bundle oberdiek, subset hyperref (HO)

(/usr/local/texlive/2016/texmf-dist/tex/generic/oberdiek/hobsub-generic.sty
Package: hobsub-generic 2016/05/16 v1.14 Bundle oberdiek, subset generic (HO)
Package: hobsub 2016/05/16 v1.14 Construct package bundles (HO)
Package hobsub Info: Skipping package `infwarerr' (already loaded).
Package hobsub Info: Skipping package `ltxcmds' (already loaded).
Package: ifluatex 2016/05/16 v1.4 Provides the ifluatex switch (HO)
Package ifluatex Info: LuaTeX not detected.
Package hobsub Info: Skipping package `ifvtex' (already loaded).
Package: intcalc 2016/05/16 v1.2 Expandable calculations with integers (HO)
Package hobsub Info: Skipping package `ifpdf' (already loaded).
Package: etexcmds 2016/05/16 v1.6 Avoid name clashes with e-TeX commands (HO)
Package etexcmds Info: Could not find \expanded.
(etexcmds)             That can mean that you are not using pdfTeX 1.50 or
(etexcmds)             that some package has redefined \expanded.
(etexcmds)             In the latter case, load this package earlier.
Package: kvsetkeys 2016/05/16 v1.17 Key value parser (HO)
Package: kvdefinekeys 2016/05/16 v1.4 Define keys (HO)
Package: pdftexcmds 2016/05/10 v0.21 Utility functions of pdfTeX for LuaTeX (HO
)
Package pdftexcmds Info: LuaTeX not detected.
Package pdftexcmds Info: \pdf@primitive is available.
Package pdftexcmds Info: \pdf@ifprimitive is available.
Package pdftexcmds Info: \pdfdraftmode found.
Package: pdfescape 2016/05/16 v1.14 Implements pdfTeX's escape features (HO)
Package: bigintcalc 2016/05/16 v1.4 Expandable calculations on big integers (HO
)
Package: bitset 2016/05/16 v1.2 Handle bit-vector datatype (HO)
Package: uniquecounter 2016/05/16 v1.3 Provide unlimited unique counter (HO)
)
Package hobsub Info: Skipping package `hobsub' (already loaded).
Package: letltxmacro 2016/05/16 v1.5 Let assignment for LaTeX macros (HO)
Package: hopatch 2016/05/16 v1.3 Wrapper for package hooks (HO)
Package: xcolor-patch 2016/05/16 xcolor patch
Package: atveryend 2016/05/16 v1.9 Hooks at the very end of document (HO)
Package atveryend Info: \enddocument detected (standard20110627).
Package: atbegshi 2016/05/16 v1.17 At begin shipout hook (HO)
Package: refcount 2016/05/16 v3.5 Data extraction from label references (HO)
Package: hycolor 2016/05/16 v1.8 Color options for hyperref/bookmark (HO)
) (/usr/local/texlive/2016/texmf-dist/tex/latex/oberdiek/auxhook.sty
Package: auxhook 2016/05/16 v1.4 Hooks for auxiliary files (HO)
) (/usr/local/texlive/2016/texmf-dist/tex/latex/oberdiek/kvoptions.sty
Package: kvoptions 2016/05/16 v3.12 Key value format for package options (HO)
)
\@linkdim=\dimen113
\Hy@linkcounter=\count94
\Hy@pagecounter=\count95
(/usr/local/texlive/2016/texmf-dist/tex/latex/hyperref/pd1enc.def
File: pd1enc.def 2016/05/05 v6.83n Hyperref: PDFDocEncoding definition (HO)
)
\Hy@SavedSpaceFactor=\count96
(/usr/local/texlive/2016/texmf-dist/tex/latex/latexconfig/hyperref.cfg
File: hyperref.cfg 2002/06/06 v1.2 hyperref configuration of TeXLive
)
Package hyperref Info: Hyper figures OFF on input line 4446.
Package hyperref Info: Link nesting OFF on input line 4451.
Package hyperref Info: Hyper index ON on input line 4454.
Package hyperref Info: Plain pages OFF on input line 4461.
Package hyperref Info: Backreferencing OFF on input line 4466.
Package hyperref Info: Implicit mode ON; LaTeX internals redefined.
Package hyperref Info: Bookmarks ON on input line 4691.
\c@Hy@tempcnt=\count97
(/usr/local/texlive/2016/texmf-dist/tex/latex/url/url.sty
\Urlmuskip=\muskip10
Package: url 2013/09/16  ver 3.4  Verb mode for urls, etc.
)
LaTeX Info: Redefining \url on input line 5044.
\XeTeXLinkMargin=\dimen114
\Fld@menulength=\count98
\Field@Width=\dimen115
\Fld@charsize=\dimen116
Package hyperref Info: Hyper figures OFF on input line 6298.
Package hyperref Info: Link nesting OFF on input line 6303.
Package hyperref Info: Hyper index ON on input line 6306.
Package hyperref Info: backreferencing OFF on input line 6313.
Package hyperref Info: Link coloring OFF on input line 6318.
Package hyperref Info: Link coloring with OCG OFF on input line 6323.
Package hyperref Info: PDF/A mode OFF on input line 6328.
LaTeX Info: Redefining \ref on input line 6368.
LaTeX Info: Redefining \pageref on input line 6372.
\Hy@abspage=\count99
\c@Item=\count100
\c@Hfootnote=\count101
)

Package hyperref Message: Driver (autodetected): hpdftex.

(/usr/local/texlive/2016/texmf-dist/tex/latex/hyperref/hpdftex.def
File: hpdftex.def 2016/05/05 v6.83n Hyperref driver for pdfTeX
\Fld@listcount=\count102
\c@bookmark@seq@number=\count103
(/usr/local/texlive/2016/texmf-dist/tex/latex/oberdiek/rerunfilecheck.sty
Package: rerunfilecheck 2016/05/16 v1.8 Rerun checks for auxiliary files (HO)
Package uniquecounter Info: New unique counter `rerunfilecheck' on input line 2
82.
)
\Hy@SectionHShift=\skip77
) (/usr/local/texlive/2016/texmf-dist/tex/latex/tools/verbatim.sty
Package: verbatim 2014/10/28 v1.5q LaTeX2e package for verbatim enhancements
\every@verbatim=\toks16
\verbatim@line=\toks17
\verbatim@in@stream=\read1
) (/usr/local/texlive/2016/texmf-dist/tex/latex/tools/array.sty
Package: array 2014/10/28 v2.4c Tabular extension package (FMi)
\col@sep=\dimen117
\extrarowheight=\dimen118
\NC@list=\toks18
\extratabsurround=\skip78
\backup@length=\skip79
) (/usr/local/texlive/2016/texmf-dist/tex/latex/tools/tabularx.sty
Package: tabularx 2016/02/03 v2.11 `tabularx' package (DPC)
\TX@col@width=\dimen119
\TX@old@table=\dimen120
\TX@old@col=\dimen121
\TX@target=\dimen122
\TX@delta=\dimen123
\TX@cols=\count104
\TX@ftn=\toks19
) (/usr/local/texlive/2016/texmf-dist/tex/latex/caption/subcaption.sty
Package: subcaption 2016/02/20 v1.1-142 Sub-captions (AR)
(/usr/local/texlive/2016/texmf-dist/tex/latex/caption/caption.sty
Package: caption 2016/02/21 v3.3-144 Customizing captions (AR)
(/usr/local/texlive/2016/texmf-dist/tex/latex/caption/caption3.sty
Package: caption3 2016/02/04 v1.7-139 caption3 kernel (AR)
Package caption3 Info: TeX engine: e-TeX on input line 67.
\captionmargin=\dimen124
\captionmargin@=\dimen125
\captionwidth=\dimen126
\caption@tempdima=\dimen127
\caption@indent=\dimen128
\caption@parindent=\dimen129
\caption@hangindent=\dimen130
)
\c@ContinuedFloat=\count105
Package caption Info: hyperref package is loaded.
)
\c@subfigure=\count106
\c@subtable=\count107
)
No file thesis.aux.
\openout1 = `thesis.aux'.

LaTeX Font Info:    Checking defaults for OML/cmm/m/it on input line 81.
LaTeX Font Info:    ... okay on input line 81.
LaTeX Font Info:    Checking defaults for T1/cmr/m/n on input line 81.
LaTeX Font Info:    ... okay on input line 81.
LaTeX Font Info:    Checking defaults for OT1/cmr/m/n on input line 81.
LaTeX Font Info:    ... okay on input line 81.
LaTeX Font Info:    Checking defaults for OMS/cmsy/m/n on input line 81.
LaTeX Font Info:    ... okay on input line 81.
LaTeX Font Info:    Checking defaults for OMX/cmex/m/n on input line 81.
LaTeX Font Info:    ... okay on input line 81.
LaTeX Font Info:    Checking defaults for U/cmr/m/n on input line 81.
LaTeX Font Info:    ... okay on input line 81.
LaTeX Font Info:    Checking defaults for PD1/pdf/m/n on input line 81.
LaTeX Font Info:    ... okay on input line 81.
*geometry* driver: auto-detecting
*geometry* detected driver: pdftex
*geometry* verbose mode - [ preamble ] result:
* driver: pdftex
* paper: <default>
* layout: <same size as paper>
* layoutoffset:(h,v)=(0.0pt,0.0pt)
* modes: includefoot 
* h-part:(L,W,R)=(72.26999pt, 469.75502pt, 72.26999pt)
* v-part:(T,H,B)=(72.26999pt, 650.43001pt, 72.26999pt)
* \paperwidth=614.295pt
* \paperheight=794.96999pt
* \textwidth=469.75502pt
* \textheight=620.43001pt
* \oddsidemargin=0.0pt
* \evensidemargin=0.0pt
* \topmargin=-37.0pt
* \headheight=12.0pt
* \headsep=25.0pt
* \topskip=11.0pt
* \footskip=30.0pt
* \marginparwidth=59.0pt
* \marginparsep=10.0pt
* \columnsep=10.0pt
* \skip\footins=10.0pt plus 4.0pt minus 2.0pt
* \hoffset=0.0pt
* \voffset=0.0pt
* \mag=1000
* \@twocolumnfalse
* \@twosidefalse
* \@mparswitchfalse
* \@reversemarginfalse
* (1in=72.27pt=25.4mm, 1cm=28.453pt)

(/usr/local/texlive/2016/texmf-dist/tex/context/base/mkii/supp-pdf.mkii
[Loading MPS to PDF converter (version 2006.09.02).]
\scratchcounter=\count108
\scratchdimen=\dimen131
\scratchbox=\box26
\nofMPsegments=\count109
\nofMParguments=\count110
\everyMPshowfont=\toks20
\MPscratchCnt=\count111
\MPscratchDim=\dimen132
\MPnumerator=\count112
\makeMPintoPDFobject=\count113
\everyMPtoPDFconversion=\toks21
) (/usr/local/texlive/2016/texmf-dist/tex/latex/oberdiek/epstopdf-base.sty
Package: epstopdf-base 2016/05/15 v2.6 Base part for package epstopdf
(/usr/local/texlive/2016/texmf-dist/tex/latex/oberdiek/grfext.sty
Package: grfext 2016/05/16 v1.2 Manage graphics extensions (HO)
)
Package grfext Info: Graphics extension search list:
(grfext)             [.png,.pdf,.jpg,.mps,.jpeg,.jbig2,.jb2,.PNG,.PDF,.JPG,.JPE
G,.JBIG2,.JB2,.eps]
(grfext)             \AppendGraphicsExtensions on input line 456.
(/usr/local/texlive/2016/texmf-dist/tex/latex/latexconfig/epstopdf-sys.cfg
File: epstopdf-sys.cfg 2010/07/13 v1.3 Configuration of (r)epstopdf for TeX Liv
e
))
\AtBeginShipoutBox=\box27
Package hyperref Info: Link coloring OFF on input line 81.
(/usr/local/texlive/2016/texmf-dist/tex/latex/hyperref/nameref.sty
Package: nameref 2012/10/27 v2.43 Cross-referencing by name of section
(/usr/local/texlive/2016/texmf-dist/tex/generic/oberdiek/gettitlestring.sty
Package: gettitlestring 2016/05/16 v1.5 Cleanup title references (HO)
)
\c@section@level=\count114
)
LaTeX Info: Redefining \ref on input line 81.
LaTeX Info: Redefining \pageref on input line 81.
LaTeX Info: Redefining \nameref on input line 81.
\@outlinefile=\write3
\openout3 = `thesis.out'.

Package caption Info: Begin \AtBeginDocument code.
Package caption Info: End \AtBeginDocument code.
[1

{/usr/local/texlive/2016/texmf-var/fonts/map/pdftex/updmap/pdftex.map}]
LaTeX Font Info:    Try loading font information for OMS+cmr on input line 90.
(/usr/local/texlive/2016/texmf-dist/tex/latex/base/omscmr.fd
File: omscmr.fd 2014/09/29 v2.5h Standard LaTeX font definitions
)
LaTeX Font Info:    Font shape `OMS/cmr/m/n' in size <12> not available
(Font)              Font shape `OMS/cmsy/m/n' tried instead on input line 90.
[2

]
\openout2 = `dedication.aux'.

(./dedication.tex [3


])
\openout2 = `acknowledgments.aux'.

(./acknowledgments.tex [4




])
\openout2 = `abstract.aux'.

(./abstract.tex [5




])
\tf@toc=\write4
\openout4 = `thesis.toc'.

[6



]
\tf@lot=\write5
\openout5 = `thesis.lot'.

[7


]
\tf@lof=\write6
\openout6 = `thesis.lof'.

[8


]
\openout2 = `introduction.aux'.

(./introduction.tex
Chapter 1.

LaTeX Warning: Citation `acousitcdeploy' on page 1 undefined on input line 2.


LaTeX Warning: Citation `Heupel2006' on page 1 undefined on input line 7.


LaTeX Warning: Citation `Heupel2006' on page 1 undefined on input line 7.

<images/rigging.png, id=47, 667.49374pt x 647.41875pt>
File: images/rigging.png Graphic file (type png)
<use images/rigging.png>
Package pdftex.def Info: images/rigging.png used on input line 13.
(pdftex.def)             Requested size: 266.99277pt x 258.9629pt.
pdfTeX warning (ext4): destination with the same identifier (name{page.1}) has 
been already used, duplicate ignored
<to be read again> 
                   \relax 
l.19 
      [1



] [2 <./images/rigging.png>]

LaTeX Warning: Citation `USDA' on page 3 undefined on input line 25.


LaTeX Warning: Citation `Wikipedia_RadioTracking' on page 3 undefined on input 
line 25.


LaTeX Warning: Citation `USDA' on page 3 undefined on input line 28.


LaTeX Warning: Citation `ARGOS' on page 3 undefined on input line 28.


LaTeX Warning: Citation `vemco' on page 3 undefined on input line 31.


LaTeX Warning: Citation `Heupel2006' on page 3 undefined on input line 31.


LaTeX Warning: Citation `Heupel2006' on page 3 undefined on input line 31.


LaTeX Warning: Citation `Heupel2006' on page 3 undefined on input line 31.

[3]

LaTeX Warning: Citation `wildlifetracking' on page 4 undefined on input line 35
.

LaTeX Font Info:    External font `cmex10' loaded for size
(Font)              <10.95> on input line 38.
LaTeX Font Info:    External font `cmex10' loaded for size
(Font)              <8> on input line 38.
LaTeX Font Info:    External font `cmex10' loaded for size
(Font)              <6> on input line 38.

LaTeX Warning: Citation `telonicsFIS-550' on page 4 undefined on input line 41.



LaTeX Warning: Citation `telonicsTR-5' on page 4 undefined on input line 41.


LaTeX Warning: Citation `wildlifetracking' on page 4 undefined on input line 42
.


LaTeX Warning: Citation `wildlifetracking' on page 4 undefined on input line 50
.

[4]

LaTeX Warning: Reference `PricePerTx' on page 5 undefined on input line 88.


LaTeX Warning: Citation `Heupel2006' on page 5 undefined on input line 94.


LaTeX Warning: Reference `dataQuality' on page 5 undefined on input line 100.

[5]

LaTeX Warning: Reference `detectionRange' on page 6 undefined on input line 107
.


LaTeX Warning: Citation `EstimatingIndividual' on page 6 undefined on input lin
e 107.


LaTeX Warning: Citation `EstimatingIndividual' on page 6 undefined on input lin
e 109.


LaTeX Warning: Reference `dataFusion' on page 6 undefined on input line 109.


LaTeX Warning: Reference `dataFusion' on page 6 undefined on input line 109.


LaTeX Warning: Citation `EstimatingIndividual' on page 6 undefined on input lin
e 121.


LaTeX Warning: Citation `statespacemodel' on page 6 undefined on input line 121
.


LaTeX Warning: Citation `Zhaohui2008' on page 6 undefined on input line 121.

[6]

LaTeX Warning: Reference `dataResolution' on page 7 undefined on input line 128
.


LaTeX Warning: Citation `Heupel2006' on page 7 undefined on input line 128.


LaTeX Warning: Citation `statespacemodel' on page 7 undefined on input line 135
.

[7]) [8]
\openout2 = `related-work.aux'.

(./related-work.tex
Chapter 2.

LaTeX Warning: Citation `Heupel2006' on page 9 undefined on input line 5.


LaTeX Warning: Citation `Steel2014' on page 9 undefined on input line 13.

[9



]

LaTeX Warning: Citation `Kessel2015' on page 10 undefined on input line 18.


LaTeX Warning: Reference `CPDItable' on page 10 undefined on input line 18.


LaTeX Warning: Reference `rangeTestData' on page 10 undefined on input line 43.


[10]
Missing character: There is no ‚ in font cmbx12!
Missing character: There is no Ä in font cmbx12!
Missing character: There is no ì in font cmbx12!

LaTeX Warning: Citation `Poduri2004' on page 11 undefined on input line 52.


LaTeX Warning: Citation `Howard2002' on page 11 undefined on input line 52.

[11]

LaTeX Warning: Citation `Akbarzadeh2013' on page 12 undefined on input line 58.


<images/rayTracing.png, id=136, 1029.09468pt x 533.74406pt>
File: images/rayTracing.png Graphic file (type png)
<use images/rayTracing.png>
Package pdftex.def Info: images/rayTracing.png used on input line 62.
(pdftex.def)             Requested size: 308.73079pt x 160.12445pt.

LaTeX Warning: Citation `Akbarzadeh2013' on page 12 undefined on input line 63.



LaTeX Warning: Citation `Akbarzadeh2013' on page 12 undefined on input line 63.



LaTeX Warning: Reference `rayTracingImg1' on page 12 undefined on input line 66
.

[12] [13 <./images/rayTracing.png>]

LaTeX Warning: Citation `Hansen2008' on page 14 undefined on input line 79.

[14]) [15]
\openout2 = `design.aux'.

(./design.tex
Chapter 3.

LaTeX Warning: Citation `Akbarzadeh2013' on page 16 undefined on input line 7.


LaTeX Warning: Citation `Heupel2006' on page 16 undefined on input line 7.


LaTeX Warning: Citation `Howard2002' on page 16 undefined on input line 7.


LaTeX Warning: Citation `Kessel2015' on page 16 undefined on input line 7.


LaTeX Warning: Citation `Steel2014' on page 16 undefined on input line 7.


Overfull \hbox (3.51216pt too wide) in paragraph at lines 7--8
\OT1/cmr/m/n/10.95 While detri-ments to SAON tech-nolo-gies are well doc-u-ment
ed [[]] [[]] [[]] [[]] [[]], there few tools/services
 []


LaTeX Warning: Reference `CostAltTech' on page 16 undefined on input line 12.


LaTeX Warning: Reference `RulesOfThumb' on page 16 undefined on input line 12.


LaTeX Warning: Reference `motivationMetrics' on page 16 undefined on input line
 29.

[16



] [17]

LaTeX Warning: Reference `bathymetricGrid' on page 18 undefined on input line 7
3.

[18]

LaTeX Warning: Reference `duplicate' on page 19 undefined on input line 76.


LaTeX Warning: Reference `smooth' on page 19 undefined on input line 76.


LaTeX Warning: Reference `LoS' on page 19 undefined on input line 76.


LaTeX Warning: Reference `smooth' on page 19 undefined on input line 76.


LaTeX Warning: Reference `LoS' on page 19 undefined on input line 76.

<images/LoS.png, id=191, 364.36125pt x 343.2825pt>
File: images/LoS.png Graphic file (type png)
<use images/LoS.png>
Package pdftex.def Info: images/LoS.png used on input line 84.
(pdftex.def)             Requested size: 164.41353pt x 154.89996pt.
<images/duplicate.png, id=192, 375.4025pt x 343.2825pt>
File: images/duplicate.png Graphic file (type png)
<use images/duplicate.png>
Package pdftex.def Info: images/duplicate.png used on input line 91.
(pdftex.def)             Requested size: 164.41353pt x 150.3481pt.
<images/smooth.png, id=193, 355.3275pt x 315.1775pt>
File: images/smooth.png Graphic file (type png)
<use images/smooth.png>
Package pdftex.def Info: images/smooth.png used on input line 97.
(pdftex.def)             Requested size: 164.41353pt x 145.83945pt.

Underfull \hbox (badness 10000) in paragraph at lines 82--101
[]$[]$$[]$
 []

[19]

LaTeX Warning: Reference `bathymetricGrid' on page 20 undefined on input line 1
17.

[20 <./images/LoS.png> <./images/duplicate.png> <./images/smooth.png>]

LaTeX Warning: Reference `restrictedVerticalHabitat' on page 21 undefined on in
put line 128.


LaTeX Warning: Citation `OU' on page 21 undefined on input line 132.

[21] <images/OUpos7.png, id=216, 481.8pt x 361.35pt>
File: images/OUpos7.png Graphic file (type png)
<use images/OUpos7.png>
Package pdftex.def Info: images/OUpos7.png used on input line 138.
(pdftex.def)             Requested size: 240.8994pt x 180.67456pt.
[22 <./images/OUpos7.png>]

LaTeX Warning: Citation `Kessel2015' on page 23 undefined on input line 162.

[23]

LaTeX Warning: Reference `suppression' on page 24 undefined on input line 173.


LaTeX Warning: Reference `animalModeling' on page 24 undefined on input line 17
8.


LaTeX Warning: Reference `LoS' on page 24 undefined on input line 178.


LaTeX Warning: Reference `receiverModel' on page 24 undefined on input line 178
.

[24]
Missing character: There is no ‚ in font cmr10!
Missing character: There is no Ä in font cmr10!
Missing character: There is no ú in font cmr10!
Missing character: There is no ‚ in font cmr10!
Missing character: There is no Ä in font cmr10!
Missing character: There is no ù in font cmr10!

Overfull \hbox (11.99054pt too wide) in paragraph at lines 191--193
[]\OT1/cmr/m/n/10.95 Explicitly, $\OML/cmm/m/it/10.95 G[] \OT1/cmr/m/n/10.95 = 
^^F[]^^F[]\OML/cmm/m/it/10.95 ERT\OT1/cmr/m/n/10.95 (\OML/cmm/m/it/10.95 x; \OT
1/cmr/m/n/10.95 (\OML/cmm/m/it/10.95 i; j\OT1/cmr/m/n/10.95 )\OML/cmm/m/it/10.9
5 ; a; b\OT1/cmr/m/n/10.95 )$ , where $\OML/cmm/m/it/10.95 x$ \OT1/cmr/m/n/10.9
5 is the cho-sen Eval-u-a-tion Al-go-rithm/Bias,
 []

Missing character: There is no ‚ in font cmbx10!
Missing character: There is no Ä in font cmbx10!
Missing character: There is no ú in font cmbx10!
Missing character: There is no ‚ in font cmbx10!
Missing character: There is no Ä in font cmbx10!
Missing character: There is no ù in font cmbx10!
Missing character: There is no ‚ in font cmbx10!
Missing character: There is no Ä in font cmbx10!
Missing character: There is no ú in font cmbx10!
Missing character: There is no ‚ in font cmbx10!
Missing character: There is no Ä in font cmbx10!
Missing character: There is no ù in font cmbx10!

LaTeX Warning: Reference `observableAnimals' on page 25 undefined on input line
 202.

[25] <images/ObservableAnimals.png, id=250, 867.99281pt x 554.07pt>
File: images/ObservableAnimals.png Graphic file (type png)
<use images/ObservableAnimals.png>
Package pdftex.def Info: images/ObservableAnimals.png used on input line 210.
(pdftex.def)             Requested size: 260.39984pt x 166.22227pt.
Missing character: There is no ‚ in font cmbx10!
Missing character: There is no Ä in font cmbx10!
Missing character: There is no ú in font cmbx10!
Missing character: There is no ‚ in font cmbx10!
Missing character: There is no Ä in font cmbx10!
Missing character: There is no ù in font cmbx10!

LaTeX Warning: Reference `bathymetricShadowing' on page 26 undefined on input l
ine 225.


LaTeX Warning: Reference `bias3' on page 26 undefined on input line 225.

[26 <./images/ObservableAnimals.png>]

LaTeX Warning: Reference `LoS' on page 27 undefined on input line 227.


LaTeX Warning: Reference `LoSimage' on page 27 undefined on input line 229.

<images/criticalSlope.png, id=257, 505.89pt x 375.4025pt>
File: images/criticalSlope.png Graphic file (type png)
<use images/criticalSlope.png>
Package pdftex.def Info: images/criticalSlope.png used on input line 233.
(pdftex.def)             Requested size: 252.94437pt x 187.70079pt.
[27 <./images/criticalSlope.png>]

LaTeX Warning: Reference `evaluationOfReceierEmplacements' on page 28 undefined
 on input line 241.


LaTeX Warning: Reference `workflows' on page 28 undefined on input line 241.


LaTeX Warning: Reference `dataRecoveryRate' on page 28 undefined on input line 
246.

<images/suppression.png, id=265, 1026.08344pt x 572.89032pt>
File: images/suppression.png Graphic file (type png)
<use images/suppression.png>
Package pdftex.def Info: images/suppression.png used on input line 251.
(pdftex.def)             Requested size: 461.73328pt x 257.79826pt.

LaTeX Warning: Reference `detectionRange' on page 28 undefined on input line 25
7.


LaTeX Warning: Reference `detectionArea' on page 28 undefined on input line 257
.


LaTeX Warning: Reference `selectionOfOptimalEmplacements' on page 28 undefined 
on input line 257.

[28] [29 <./images/suppression.png>]

LaTeX Warning: Reference `suppressionImage' on page 30 undefined on input line 
276.

[30]
Underfull \hbox (badness 10000) in paragraph at lines 284--285

 []


Underfull \hbox (badness 10000) in alignment at lines 290--290
[][] 
 []


LaTeX Warning: Reference `LoSAlgorithm' on page 31 undefined on input line 303.



Underfull \hbox (badness 10000) in paragraph at lines 303--308

 []


LaTeX Warning: Citation `rayTracing' on page 31 undefined on input line 309.


Underfull \hbox (badness 10000) in paragraph at lines 309--310

 []

[31]
Underfull \hbox (badness 10000) in paragraph at lines 311--312

 []


Underfull \hbox (badness 10000) in paragraph at lines 313--314

 []


Underfull \hbox (badness 10000) in paragraph at lines 315--316

 []

File: images/rayTracing.png Graphic file (type png)
<use images/rayTracing.png>
Package pdftex.def Info: images/rayTracing.png used on input line 321.
(pdftex.def)             Requested size: 308.73079pt x 160.12445pt.

LaTeX Warning: Citation `Akbarzadeh2013' on page 32 undefined on input line 322
.


LaTeX Warning: Citation `Akbarzadeh2013' on page 32 undefined on input line 322
.


LaTeX Warning: Reference `evalAlgorithms' on page 32 undefined on input line 32
6.

[32]

LaTeX Warning: Reference `bias1' on page 33 undefined on input line 331.


LaTeX Warning: Reference `bias3' on page 33 undefined on input line 339.


Underfull \hbox (badness 10000) in paragraph at lines 339--341

 []


LaTeX Warning: Reference `bigObias1' on page 33 undefined on input line 342.


LaTeX Warning: Reference `bigOLoS' on page 33 undefined on input line 342.

[33]

LaTeX Warning: Reference `suppression' on page 34 undefined on input line 352.


Underfull \hbox (badness 10000) in paragraph at lines 352--353

 []


Underfull \hbox (badness 10000) in alignment at lines 361--361
[][] 
 []


LaTeX Warning: Reference `staticSuppression' on page 34 undefined on input line
 364.


LaTeX Warning: Reference `exactSuppression' on page 34 undefined on input line 
367.


Underfull \hbox (badness 10000) in paragraph at lines 367--376

 []


Underfull \hbox (badness 10000) in paragraph at lines 367--376

 []

[34]) [35] [36]
\openout2 = `implementation.aux'.

(./implementation.tex
Chapter 4.

Package hyperref Warning: Difference (2) between bookmark levels is greater 
(hyperref)                than one, level fixed on input line 5.


LaTeX Warning: Reference `design' on page 37 undefined on input line 12.


LaTeX Warning: Reference `checkParams' on page 37 undefined on input line 16.

[37



]

LaTeX Warning: Reference `parameterDictionary' on page 38 undefined on input li
ne 23.


LaTeX Warning: Reference `resultDict' on page 38 undefined on input line 26.


LaTeX Warning: Reference `outputFiles' on page 38 undefined on input line 26.


LaTeX Warning: Reference `bathyParams' on page 38 undefined on input line 51.


LaTeX Warning: Reference `bathymetricFiletypes' on page 38 undefined on input l
ine 51.

[38]

LaTeX Warning: Reference `bathyParams' on page 39 undefined on input line 74.

[39]

LaTeX Warning: Reference `animalModeling' on page 40 undefined on input line 76
.


Overfull \hbox (18.15202pt too wide) in paragraph at lines 79--94
[][] 
 []


LaTeX Warning: Reference `evaluationOfReceierEmplacements' on page 40 undefined
 on input line 99.

[40]

LaTeX Warning: Reference `suppression' on page 41 undefined on input line 105.


LaTeX Warning: Reference `suppressionAlgorithms' on page 41 undefined on input 
line 105.


Overfull \hbox (39.98381pt too wide) in paragraph at lines 109--123
[][] 
 []


LaTeX Warning: Reference `heuristics' on page 41 undefined on input line 128.

[41]

LaTeX Warning: Citation `acousticdeployWiki' on page 42 undefined on input line
 132.


Overfull \hbox (12.10565pt too wide) in paragraph at lines 132--133
\OT1/cmr/m/n/10.95 To pro-vide a demon-stra-ble prod-uct, and pro-gram out-line
, a sim-ple, co-he-sive ap-pli-ca-tion, \OT1/cmtt/m/n/10.95 acousticRun\OT1/cmr
/m/n/10.95 ,
 []

<images/webapp.png, id=364, 912.40875pt x 693.34032pt>
File: images/webapp.png Graphic file (type png)
<use images/webapp.png>
Package pdftex.def Info: images/webapp.png used on input line 136.
(pdftex.def)             Requested size: 364.95703pt x 277.3312pt.

LaTeX Warning: Reference `outputFiles' on page 42 undefined on input line 143.

[42]

LaTeX Warning: Reference `webServer' on page 43 undefined on input line 148.

[43 <./images/webapp.png>]

LaTeX Warning: Reference `bathymetricGrid' on page 44 undefined on input line 1
51.

[44]) [45]
\openout2 = `results.aux'.

(./results.tex
Chapter 5.

Underfull \hbox (badness 10000) in paragraph at lines 4--11

 []


LaTeX Warning: Reference `recoveryGraph' on page 46 undefined on input line 17.


<images/RecoveryRates.png, id=388, 481.8pt x 481.8pt>
File: images/RecoveryRates.png Graphic file (type png)
<use images/RecoveryRates.png>
Package pdftex.def Info: images/RecoveryRates.png used on input line 20.
(pdftex.def)             Requested size: 337.25769pt x 337.25769pt.
[46



] <images/TopographyGrid.png, id=399, 903.375pt x 602.25pt>
File: images/TopographyGrid.png Graphic file (type png)
<use images/TopographyGrid.png>
Package pdftex.def Info: images/TopographyGrid.png used on input line 30.
(pdftex.def)             Requested size: 451.6864pt x 301.12425pt.
<images/BehaviorGrid.png, id=400, 903.375pt x 602.25pt>
File: images/BehaviorGrid.png Graphic file (type png)
<use images/BehaviorGrid.png>
Package pdftex.def Info: images/BehaviorGrid.png used on input line 35.
(pdftex.def)             Requested size: 451.6864pt x 301.12425pt.
<images/GoodnessGrid.png, id=401, 903.375pt x 602.25pt>
File: images/GoodnessGrid.png Graphic file (type png)
<use images/GoodnessGrid.png>
Package pdftex.def Info: images/GoodnessGrid.png used on input line 40.
(pdftex.def)             Requested size: 451.6864pt x 301.12425pt.
<images/CoverageGrid.png, id=402, 903.375pt x 602.25pt>
File: images/CoverageGrid.png Graphic file (type png)
<use images/CoverageGrid.png>
Package pdftex.def Info: images/CoverageGrid.png used on input line 45.
(pdftex.def)             Requested size: 451.6864pt x 301.12425pt.
[47 <./images/RecoveryRates.png>]

LaTeX Warning: Citation `acousitcdeploy' on page 48 undefined on input line 53.


[48 <./images/TopographyGrid.png>]

LaTeX Warning: Reference `dispatcherFunctions' on page 49 undefined on input li
ne 63.

[49 <./images/BehaviorGrid.png>] [50 <./images/GoodnessGrid.png>] [51 <./images
/CoverageGrid.png>]

LaTeX Warning: Reference `workflows' on page 52 undefined on input line 83.

[52]

LaTeX Warning: Reference `3d' on page 53 undefined on input line 92.

[53] <images/3d.png, id=459, 1035.87pt x 484.81125pt>
File: images/3d.png Graphic file (type png)
<use images/3d.png>
Package pdftex.def Info: images/3d.png used on input line 95.
(pdftex.def)             Requested size: 466.13719pt x 218.16304pt.
) [54 <./images/3d.png>]
\openout2 = `conclusion.aux'.

(./conclusion.tex
Chapter 6.

LaTeX Warning: Citation `acousitcdeploy' on page 55 undefined on input line 4.

) [55



]
\openout2 = `appendix.aux'.

(./appendix.tex
Appendix A.

LaTeX Warning: Reference `verticalMovement' on page 56 undefined on input line 
43.


LaTeX Warning: Reference `LoSAlgorithm' on page 56 undefined on input line 43.


LaTeX Warning: Reference `LoSAlgorithm' on page 56 undefined on input line 43.


Underfull \hbox (badness 10000) in alignment at lines 43--43
[][] 
 []

[56



]

LaTeX Warning: Reference `LoSAlgorithm' on page 57 undefined on input line 56.


Underfull \hbox (badness 10000) in alignment at lines 56--56
[][] 
 []

) [57] [58]
No file thesis.bbl.
Package atveryend Info: Empty hook `BeforeClearDocument' on input line 137.
Package atveryend Info: Empty hook `AfterLastShipout' on input line 137.
(./thesis.aux (./dedication.aux) (./acknowledgments.aux) (./abstract.aux) (./in
troduction.aux) (./related-work.aux) (./design.aux) (./implementation.aux) (./r
esults.aux) (./conclusion.aux) (./appendix.aux))
Package atveryend Info: Executing hook `AtVeryEndDocument' on input line 137.
Package atveryend Info: Executing hook `AtEndAfterFileList' on input line 137.

Package rerunfilecheck Warning: File `thesis.out' has changed.
(rerunfilecheck)                Rerun to get outlines right
(rerunfilecheck)                or use package `bookmark'.

Package rerunfilecheck Info: Checksums for `thesis.out':
(rerunfilecheck)             Before: <no file>
(rerunfilecheck)             After:  1429039BAC32D44BFF48E3A001ECD16C;6049.

LaTeX Warning: There were undefined references.


LaTeX Warning: Label(s) may have changed. Rerun to get cross-references right.

Package atveryend Info: Empty hook `AtVeryVeryEnd' on input line 137.
 ) 
Here is how much of TeX's memory you used:
 7656 strings out of 493014
 117955 string characters out of 6133351
 213438 words of memory out of 5000000
 10846 multiletter control sequences out of 15000+600000
 8322 words of font info for 30 fonts, out of 8000000 for 9000
 1141 hyphenation exceptions out of 8191
 42i,11n,42p,2201b,493s stack positions out of 5000i,500n,10000p,200000b,80000s
</usr/local/texlive/2016/texmf-dist/fonts/type1/public/amsfonts/cm/cmbx10.pfb
></usr/local/texlive/2016/texmf-dist/fonts/type1/public/amsfonts/cm/cmbx12.pfb>
</usr/local/texlive/2016/texmf-dist/fonts/type1/public/amsfonts/cm/cmmi10.pfb><
/usr/local/texlive/2016/texmf-dist/fonts/type1/public/amsfonts/cm/cmmi6.pfb></u
sr/local/texlive/2016/texmf-dist/fonts/type1/public/amsfonts/cm/cmmi8.pfb></usr
/local/texlive/2016/texmf-dist/fonts/type1/public/amsfonts/cm/cmr10.pfb></usr/l
ocal/texlive/2016/texmf-dist/fonts/type1/public/amsfonts/cm/cmr12.pfb></usr/loc
al/texlive/2016/texmf-dist/fonts/type1/public/amsfonts/cm/cmr6.pfb></usr/local/
texlive/2016/texmf-dist/fonts/type1/public/amsfonts/cm/cmr8.pfb></usr/local/tex
live/2016/texmf-dist/fonts/type1/public/amsfonts/cm/cmsy10.pfb></usr/local/texl
ive/2016/texmf-dist/fonts/type1/public/amsfonts/cm/cmsy8.pfb></usr/local/texliv
e/2016/texmf-dist/fonts/type1/public/amsfonts/cm/cmtt10.pfb>
Output written on thesis.pdf (66 pages, 1941847 bytes).
PDF statistics:
 575 PDF objects out of 1000 (max. 8388607)
 464 compressed objects within 5 object streams
 229 named destinations out of 1000 (max. 500000)
 81 words of extra memory for PDF output out of 10000 (max. 10000000)

